#
# A fatal error has been detected by the Java Runtime Environment:
#
#  SIGSEGV (0xb) at pc=0x0000ffff8a8ad980, pid=42047, tid=42047
#
# JRE version: OpenJDK Runtime Environment (11.0.11+9) (build 11.0.11+9-Ubuntu-0ubuntu2.20.04)
# Java VM: OpenJDK 64-Bit Server VM (11.0.11+9-Ubuntu-0ubuntu2.20.04, mixed mode, tiered, compressed oops, g1 gc, linux-aarch64)
# Problematic frame:
# V  [libjvm.so+0x9cc980]
#
# No core dump will be written. Core dumps have been disabled. To enable core dumping, try "ulimit -c unlimited" before starting Java again
#
# If you would like to submit a bug report, please visit:
#   https://bugs.launchpad.net/ubuntu/+source/openjdk-lts
#

---------------  S U M M A R Y ------------

Command Line: com.gitlab.pdftk_java.pdftk /tmp/pdf36YBpD/all.pdf dump_data

Host: AArch64, 4 cores, 1G, Ubuntu 20.04.3 LTS
Time: Wed Dec 15 11:07:16 2021 UTC elapsed time: 0.104076 seconds (0d 0h 0m 0s)

---------------  T H R E A D  ---------------

Current thread is native thread

Stack: [0x0000ffffe8431000,0x0000ffffe8c31000],  sp=0x0000ffffe8c2afa0,  free space=8167k
Native frames: (J=compiled Java code, A=aot compiled Java code, j=interpreted, Vv=VM code, C=native code)
V  [libjvm.so+0x9cc980]
C  [linux-vdso.so.1+0x7c0]  __kernel_rt_sigreturn+0x0
C  [libpthread.so.0+0x97dc]  __pthread_clockjoin_ex+0x20c
C  [libjli.so+0x8b38]
C  [libjli.so+0x5878]
C  [libjli.so+0x6c90]  JLI_Launch+0x1268
C  [java+0xb80]
C  [libc.so.6+0x24090]  __libc_start_main+0xe8


siginfo: si_signo: 11 (SIGSEGV), si_code: 1 (SEGV_MAPERR), si_addr: 0x00000000000000d0

Register to memory mapping:

R0=0x0000000000000000
R1=0x0000ffff8b135aa0
R2=0x0000000000000001
R3=0x0000000000000000
R4=0x0000000000000000
R5=0x0000ffff8b136080
R6=0x0000ffff8b135880
R7=0x00000000000000a1
R8=0x0000000000000062
R9=0x0000ffff89c29ae0
R10=0x0000ffff8af1a368
R11=0x00000000003d0f00
R12=0x0000ffff89c2a1e0
R13=0x0000000000000000
R14=0x0000000000000000
R15=0x0000000000000140
R16=0x0000ffff8ae62308
R17=0x0000ffff8af22580
R18=0x0000000000000000
R19=0x0000ffff8b1360a0
R20=0x0000ffff8af3c000
R21=0x0000ffffe8c2b0f0
R22=0x0000ffffe8c2b070
R23=0x0000000000000000
R24=0x0000000000000000
R25=0x0000ffffe8c2c450
R26=0x0000ffff8b112020
R27=0x0000ffffe8c2c348
R28=0x0000000000000001
R29=0x0000ffffe8c2afa0
R30=0x0000ffff8a8ad97c


Registers:
R0 =0x0 is NULL
R1 =
[error occurred during error reporting (printing registers, top of stack, instructions near pc), id 0xb, SIGSEGV (0xb) at pc=0x0000ffff8aae45a4]

Stack slot to memory mapping:
stack at sp + 0 slots: 
[error occurred during error reporting (inspecting top of stack), id 0xb, SIGSEGV (0xb) at pc=0x0000ffff8aae45a4]


---------------  P R O C E S S  ---------------

VM state:not at safepoint (normal execution)

VM Mutex/Monitor currently owned by a thread: None

Heap address: 0x00000000e0e00000, size: 498 MB, Compressed Oops mode: 32-bit
Narrow klass base: 0x0000000000000000, Narrow klass shift: 3
Compressed class space size: 1073741824 Address: 0x0000000100000000

Heap:
 garbage-first heap   total 32768K, used 5120K [0x00000000e0e00000, 0x0000000100000000)
  region size 1024K, 6 young (6144K), 0 survivors (0K)
 Metaspace       used 7770K, capacity 7830K, committed 8192K, reserved 1056768K
  class space    used 647K, capacity 669K, committed 768K, reserved 1048576K
Heap Regions: E=young(eden), S=young(survivor), O=old, HS=humongous(starts), HC=humongous(continues), CS=collection set, F=free, A=archive, TAMS=top-at-mark-start (previous, next)
|   0|0x00000000e0e00000, 0x00000000e0e00000, 0x00000000e0f00000|  0%| F|  |TAMS 0x00000000e0e00000, 0x00000000e0e00000| Untracked 
|   1|0x00000000e0f00000, 0x00000000e0f00000, 0x00000000e1000000|  0%| F|  |TAMS 0x00000000e0f00000, 0x00000000e0f00000| Untracked 
|   2|0x00000000e1000000, 0x00000000e1000000, 0x00000000e1100000|  0%| F|  |TAMS 0x00000000e1000000, 0x00000000e1000000| Untracked 
|   3|0x00000000e1100000, 0x00000000e1100000, 0x00000000e1200000|  0%| F|  |TAMS 0x00000000e1100000, 0x00000000e1100000| Untracked 
|   4|0x00000000e1200000, 0x00000000e1200000, 0x00000000e1300000|  0%| F|  |TAMS 0x00000000e1200000, 0x00000000e1200000| Untracked 
|   5|0x00000000e1300000, 0x00000000e1300000, 0x00000000e1400000|  0%| F|  |TAMS 0x00000000e1300000, 0x00000000e1300000| Untracked 
|   6|0x00000000e1400000, 0x00000000e1400000, 0x00000000e1500000|  0%| F|  |TAMS 0x00000000e1400000, 0x00000000e1400000| Untracked 
|   7|0x00000000e1500000, 0x00000000e1500000, 0x00000000e1600000|  0%| F|  |TAMS 0x00000000e1500000, 0x00000000e1500000| Untracked 
|   8|0x00000000e1600000, 0x00000000e1600000, 0x00000000e1700000|  0%| F|  |TAMS 0x00000000e1600000, 0x00000000e1600000| Untracked 
|   9|0x00000000e1700000, 0x00000000e1700000, 0x00000000e1800000|  0%| F|  |TAMS 0x00000000e1700000, 0x00000000e1700000| Untracked 
|  10|0x00000000e1800000, 0x00000000e1800000, 0x00000000e1900000|  0%| F|  |TAMS 0x00000000e1800000, 0x00000000e1800000| Untracked 
|  11|0x00000000e1900000, 0x00000000e1900000, 0x00000000e1a00000|  0%| F|  |TAMS 0x00000000e1900000, 0x00000000e1900000| Untracked 
|  12|0x00000000e1a00000, 0x00000000e1a00000, 0x00000000e1b00000|  0%| F|  |TAMS 0x00000000e1a00000, 0x00000000e1a00000| Untracked 
|  13|0x00000000e1b00000, 0x00000000e1b00000, 0x00000000e1c00000|  0%| F|  |TAMS 0x00000000e1b00000, 0x00000000e1b00000| Untracked 
|  14|0x00000000e1c00000, 0x00000000e1c00000, 0x00000000e1d00000|  0%| F|  |TAMS 0x00000000e1c00000, 0x00000000e1c00000| Untracked 
|  15|0x00000000e1d00000, 0x00000000e1d00000, 0x00000000e1e00000|  0%| F|  |TAMS 0x00000000e1d00000, 0x00000000e1d00000| Untracked 
|  16|0x00000000e1e00000, 0x00000000e1e00000, 0x00000000e1f00000|  0%| F|  |TAMS 0x00000000e1e00000, 0x00000000e1e00000| Untracked 
|  17|0x00000000e1f00000, 0x00000000e1f00000, 0x00000000e2000000|  0%| F|  |TAMS 0x00000000e1f00000, 0x00000000e1f00000| Untracked 
|  18|0x00000000e2000000, 0x00000000e2000000, 0x00000000e2100000|  0%| F|  |TAMS 0x00000000e2000000, 0x00000000e2000000| Untracked 
|  19|0x00000000e2100000, 0x00000000e2100000, 0x00000000e2200000|  0%| F|  |TAMS 0x00000000e2100000, 0x00000000e2100000| Untracked 
|  20|0x00000000e2200000, 0x00000000e2200000, 0x00000000e2300000|  0%| F|  |TAMS 0x00000000e2200000, 0x00000000e2200000| Untracked 
|  21|0x00000000e2300000, 0x00000000e2300000, 0x00000000e2400000|  0%| F|  |TAMS 0x00000000e2300000, 0x00000000e2300000| Untracked 
|  22|0x00000000e2400000, 0x00000000e2400000, 0x00000000e2500000|  0%| F|  |TAMS 0x00000000e2400000, 0x00000000e2400000| Untracked 
|  23|0x00000000e2500000, 0x00000000e2500000, 0x00000000e2600000|  0%| F|  |TAMS 0x00000000e2500000, 0x00000000e2500000| Untracked 
|  24|0x00000000e2600000, 0x00000000e2600000, 0x00000000e2700000|  0%| F|  |TAMS 0x00000000e2600000, 0x00000000e2600000| Untracked 
|  25|0x00000000e2700000, 0x00000000e2700000, 0x00000000e2800000|  0%| F|  |TAMS 0x00000000e2700000, 0x00000000e2700000| Untracked 
|  26|0x00000000e2800000, 0x00000000e28dcb28, 0x00000000e2900000| 86%| E|  |TAMS 0x00000000e2800000, 0x00000000e2800000| Complete 
|  27|0x00000000e2900000, 0x00000000e2a00000, 0x00000000e2a00000|100%| E|CS|TAMS 0x00000000e2900000, 0x00000000e2900000| Complete 
|  28|0x00000000e2a00000, 0x00000000e2b00000, 0x00000000e2b00000|100%| E|CS|TAMS 0x00000000e2a00000, 0x00000000e2a00000| Complete 
|  29|0x00000000e2b00000, 0x00000000e2c00000, 0x00000000e2c00000|100%| E|CS|TAMS 0x00000000e2b00000, 0x00000000e2b00000| Complete 
|  30|0x00000000e2c00000, 0x00000000e2d00000, 0x00000000e2d00000|100%| E|CS|TAMS 0x00000000e2c00000, 0x00000000e2c00000| Complete 
|  31|0x00000000e2d00000, 0x00000000e2e00000, 0x00000000e2e00000|100%| E|CS|TAMS 0x00000000e2d00000, 0x00000000e2d00000| Complete 

Card table byte_map: [0x0000ffff88f86000,0x0000ffff8907f000] _byte_map_base: 0x0000ffff8887f000

Marking Bits (Prev, Next): (CMBitMap*) 0x0000ffff840399e8, (CMBitMap*) 0x0000ffff84039a20
 Prev Bits: [0x0000ffff886c5000, 0x0000ffff88e8d000)
 Next Bits: [0x0000ffff6c0b0000, 0x0000ffff6c878000)

Polling page: 0x0000ffff8b13d000

Metaspace:

Usage:
  Non-class:      6.99 MB capacity,     6.96 MB (>99%) used,    33.34 KB ( <1%) free+waste,     4.88 KB ( <1%) overhead. 
      Class:    669.00 KB capacity,   647.36 KB ( 97%) used,    19.83 KB (  3%) free+waste,     1.81 KB ( <1%) overhead. 
       Both:      7.65 MB capacity,     7.59 MB (>99%) used,    53.17 KB ( <1%) free+waste,     6.69 KB ( <1%) overhead. 

Virtual space:
  Non-class space:        8.00 MB reserved,       7.25 MB ( 91%) committed 
      Class space:        1.00 GB reserved,     768.00 KB ( <1%) committed 
             Both:        1.01 GB reserved,       8.00 MB ( <1%) committed 

Chunk freelists:
   Non-Class:  31.00 KB
       Class:  3.00 KB
        Both:  34.00 KB

MaxMetaspaceSize: unlimited
CompressedClassSpaceSize: 1.00 GB

CodeHeap 'non-profiled nmethods': size=120032Kb used=104Kb max_used=104Kb free=119927Kb
 bounds [0x0000ffff74340000, 0x0000ffff745b0000, 0x0000ffff7b878000]
CodeHeap 'profiled nmethods': size=120032Kb used=657Kb max_used=657Kb free=119374Kb
 bounds [0x0000ffff6ce08000, 0x0000ffff6d078000, 0x0000ffff74340000]
CodeHeap 'non-nmethods': size=5696Kb used=991Kb max_used=1023Kb free=4704Kb
 bounds [0x0000ffff6c878000, 0x0000ffff6cae8000, 0x0000ffff6ce08000]
 total_blobs=716 nmethods=364 adapters=267
 compilation: enabled
              stopped_count=0, restarted_count=0
 full_count=0

Compilation events (20 events):
Event: 0.053 Thread 0x0000ffff840f9000 nmethod 35 0x0000ffff74341890 code [0x0000ffff74341a40, 0x0000ffff74341b90]
Event: 0.053 Thread 0x0000ffff840f9000   39       3       java.util.concurrent.ConcurrentHashMap::spread (10 bytes)
Event: 0.053 Thread 0x0000ffff840f9000 nmethod 39 0x0000ffff6ce13090 code [0x0000ffff6ce13240, 0x0000ffff6ce13390]
Event: 0.053 Thread 0x0000ffff840f9000   40       3       java.lang.StringLatin1::indexOf (61 bytes)
Event: 0.053 Thread 0x0000ffff840f9000 nmethod 40 0x0000ffff6ce13410 code [0x0000ffff6ce13600, 0x0000ffff6ce13a10]
Event: 0.053 Thread 0x0000ffff840f9000   41   !   3       java.util.concurrent.ConcurrentHashMap::putVal (432 bytes)
Event: 0.054 Thread 0x0000ffff840f9000 nmethod 41 0x0000ffff6ce13b90 code [0x0000ffff6ce14000, 0x0000ffff6ce160f0]
Event: 0.054 Thread 0x0000ffff840f9000   43       3       java.util.concurrent.ConcurrentHashMap::addCount (289 bytes)
Event: 0.055 Thread 0x0000ffff840f9000 nmethod 43 0x0000ffff6ce16c10 code [0x0000ffff6ce16ec0, 0x0000ffff6ce178a0]
Event: 0.055 Thread 0x0000ffff840f9000   42       3       java.util.concurrent.ConcurrentHashMap$Node::<init> (20 bytes)
Event: 0.055 Thread 0x0000ffff840f9000 nmethod 42 0x0000ffff6ce17b90 code [0x0000ffff6ce17d40, 0x0000ffff6ce18010]
Event: 0.055 Thread 0x0000ffff840f9000   45       3       java.util.concurrent.ConcurrentHashMap::putIfAbsent (8 bytes)
Event: 0.055 Thread 0x0000ffff840f9000 nmethod 45 0x0000ffff6ce18110 code [0x0000ffff6ce182c0, 0x0000ffff6ce18480]
Event: 0.055 Thread 0x0000ffff840f9000   46       1       java.util.ImmutableCollections$SetN::size (5 bytes)
Event: 0.055 Thread 0x0000ffff840f9000 nmethod 46 0x0000ffff74342410 code [0x0000ffff743425c0, 0x0000ffff74342710]
Event: 0.056 Thread 0x0000ffff840f9000   48       3       java.util.HashMap::get (23 bytes)
Event: 0.056 Thread 0x0000ffff840f9000 nmethod 48 0x0000ffff6ce18590 code [0x0000ffff6ce18780, 0x0000ffff6ce18bb0]
Event: 0.056 Thread 0x0000ffff840f9000   49       3       java.util.HashMap::getNode (148 bytes)
Event: 0.056 Thread 0x0000ffff840f9000 nmethod 49 0x0000ffff6ce18d10 code [0x0000ffff6ce18f80, 0x0000ffff6ce199e0]
Event: 0.056 Thread 0x0000ffff840f9000   52       3       java.util.HashMap::putVal (300 bytes)

GC Heap History (0 events):
No events

Deoptimization events (0 events):
No events

Classes redefined (0 events):
No events

Internal exceptions (0 events):
No events

Events (20 events):
Event: 0.052 loading class jdk/internal/module/ModuleLoaderMap$Mapper
Event: 0.052 loading class java/util/function/Function
Event: 0.052 loading class java/util/function/Function done
Event: 0.052 loading class jdk/internal/module/ModuleLoaderMap$Mapper done
Event: 0.053 loading class java/util/concurrent/ConcurrentHashMap$ForwardingNode
Event: 0.053 loading class java/util/concurrent/ConcurrentHashMap$ForwardingNode done
Event: 0.054 loading class java/lang/ModuleLayer
Event: 0.054 loading class java/lang/ModuleLayer done
Event: 0.054 loading class java/util/ImmutableCollections$ListItr
Event: 0.054 loading class java/util/ListIterator
Event: 0.054 loading class java/util/ListIterator done
Event: 0.054 loading class java/util/ImmutableCollections$ListItr done
Event: 0.054 loading class java/util/ArrayList$Itr
Event: 0.054 loading class java/util/ArrayList$Itr done
Event: 0.055 loading class java/util/Collections$UnmodifiableSet
Event: 0.055 loading class java/util/Collections$UnmodifiableCollection
Event: 0.055 loading class java/util/Collections$UnmodifiableCollection done
Event: 0.055 loading class java/util/Collections$UnmodifiableSet done
Event: 0.056 loading class java/util/Collections$UnmodifiableCollection$1
Event: 0.056 loading class java/util/Collections$UnmodifiableCollection$1 done


Dynamic libraries:
e0e00000-e2e00000 rw-p 00000000 00:00 0 
e2e00000-100000000 ---p 00000000 00:00 0 
100000000-1000c0000 rw-p 00000000 00:00 0 
1000c0000-140000000 ---p 00000000 00:00 0 
aaaaac050000-aaaaac051000 r-xp 00000000 fe:01 2378172                    /usr/lib/jvm/java-11-openjdk-arm64/bin/java
aaaaac061000-aaaaac062000 r--p 00001000 fe:01 2378172                    /usr/lib/jvm/java-11-openjdk-arm64/bin/java
aaaaac062000-aaaaac063000 rw-p 00002000 fe:01 2378172                    /usr/lib/jvm/java-11-openjdk-arm64/bin/java
aaaadf996000-aaaadf9cd000 rw-p 00000000 00:00 0                          [heap]
ffff24000000-ffff24021000 rw-p 00000000 00:00 0 
ffff24021000-ffff28000000 ---p 00000000 00:00 0 
ffff2c000000-ffff2c021000 rw-p 00000000 00:00 0 
ffff2c021000-ffff30000000 ---p 00000000 00:00 0 
ffff30000000-ffff30021000 rw-p 00000000 00:00 0 
ffff30021000-ffff34000000 ---p 00000000 00:00 0 
ffff37bfe000-ffff37c02000 ---p 00000000 00:00 0 
ffff37c02000-ffff37dfe000 rw-p 00000000 00:00 0 
ffff37dfe000-ffff37dff000 ---p 00000000 00:00 0 
ffff37dff000-ffff38000000 rw-p 00000000 00:00 0 
ffff38000000-ffff381b3000 rw-p 00000000 00:00 0 
ffff381b3000-ffff3c000000 ---p 00000000 00:00 0 
ffff3c000000-ffff3c211000 rw-p 00000000 00:00 0 
ffff3c211000-ffff40000000 ---p 00000000 00:00 0 
ffff40000000-ffff40021000 rw-p 00000000 00:00 0 
ffff40021000-ffff44000000 ---p 00000000 00:00 0 
ffff44000000-ffff44021000 rw-p 00000000 00:00 0 
ffff44021000-ffff48000000 ---p 00000000 00:00 0 
ffff48000000-ffff48021000 rw-p 00000000 00:00 0 
ffff48021000-ffff4c000000 ---p 00000000 00:00 0 
ffff4c000000-ffff4c021000 rw-p 00000000 00:00 0 
ffff4c021000-ffff50000000 ---p 00000000 00:00 0 
ffff50000000-ffff50021000 rw-p 00000000 00:00 0 
ffff50021000-ffff54000000 ---p 00000000 00:00 0 
ffff54000000-ffff54021000 rw-p 00000000 00:00 0 
ffff54021000-ffff58000000 ---p 00000000 00:00 0 
ffff58000000-ffff58021000 rw-p 00000000 00:00 0 
ffff58021000-ffff5c000000 ---p 00000000 00:00 0 
ffff5c13e000-ffff5c177000 rw-p 00000000 00:00 0 
ffff5c177000-ffff5c17b000 ---p 00000000 00:00 0 
ffff5c17b000-ffff5c377000 rw-p 00000000 00:00 0 
ffff5c377000-ffff5c37b000 ---p 00000000 00:00 0 
ffff5c37b000-ffff5c577000 rw-p 00000000 00:00 0 
ffff5c577000-ffff5c57b000 ---p 00000000 00:00 0 
ffff5c57b000-ffff5c777000 rw-p 00000000 00:00 0 
ffff5c777000-ffff5c77b000 ---p 00000000 00:00 0 
ffff5c77b000-ffff5c977000 rw-p 00000000 00:00 0 
ffff5c977000-ffff5c97b000 ---p 00000000 00:00 0 
ffff5c97b000-ffff5cb77000 rw-p 00000000 00:00 0 
ffff5cb77000-ffff5cb7b000 ---p 00000000 00:00 0 
ffff5cb7b000-ffff5cd77000 rw-p 00000000 00:00 0 
ffff5cd77000-ffff5cd7b000 ---p 00000000 00:00 0 
ffff5cd7b000-ffff5cf77000 rw-p 00000000 00:00 0 
ffff5cf77000-ffff5cf78000 ---p 00000000 00:00 0 
ffff5cf78000-ffff5d93a000 rw-p 00000000 00:00 0 
ffff5d93a000-ffff5d9fa000 ---p 00000000 00:00 0 
ffff5d9fa000-ffff5d9fb000 ---p 00000000 00:00 0 
ffff5d9fb000-ffff5dbfc000 rw-p 00000000 00:00 0 
ffff5dbfc000-ffff5dbfd000 ---p 00000000 00:00 0 
ffff5dbfd000-ffff60000000 rw-p 00000000 00:00 0 
ffff60000000-ffff60021000 rw-p 00000000 00:00 0 
ffff60021000-ffff64000000 ---p 00000000 00:00 0 
ffff64000000-ffff64021000 rw-p 00000000 00:00 0 
ffff64021000-ffff68000000 ---p 00000000 00:00 0 
ffff68000000-ffff68021000 rw-p 00000000 00:00 0 
ffff68021000-ffff6c000000 ---p 00000000 00:00 0 
ffff6c02c000-ffff6c043000 r-xp 00000000 fe:01 2378321                    /usr/lib/jvm/java-11-openjdk-arm64/lib/libnet.so
ffff6c043000-ffff6c053000 ---p 00017000 fe:01 2378321                    /usr/lib/jvm/java-11-openjdk-arm64/lib/libnet.so
ffff6c053000-ffff6c054000 r--p 00017000 fe:01 2378321                    /usr/lib/jvm/java-11-openjdk-arm64/lib/libnet.so
ffff6c054000-ffff6c055000 rw-p 00018000 fe:01 2378321                    /usr/lib/jvm/java-11-openjdk-arm64/lib/libnet.so
ffff6c055000-ffff6c130000 rw-p 00000000 00:00 0 
ffff6c130000-ffff6c878000 ---p 00000000 00:00 0 
ffff6c878000-ffff6cae8000 rwxp 00000000 00:00 0 
ffff6cae8000-ffff6ce08000 ---p 00000000 00:00 0 
ffff6ce08000-ffff6d078000 rwxp 00000000 00:00 0 
ffff6d078000-ffff74340000 ---p 00000000 00:00 0 
ffff74340000-ffff745b0000 rwxp 00000000 00:00 0 
ffff745b0000-ffff7b878000 ---p 00000000 00:00 0 
ffff7b878000-ffff84000000 r--s 00000000 fe:01 2378331                    /usr/lib/jvm/java-11-openjdk-arm64/lib/modules
ffff84000000-ffff84349000 rw-p 00000000 00:00 0 
ffff84349000-ffff88000000 ---p 00000000 00:00 0 
ffff88022000-ffff88033000 r-xp 00000000 fe:01 2378322                    /usr/lib/jvm/java-11-openjdk-arm64/lib/libnio.so
ffff88033000-ffff88042000 ---p 00011000 fe:01 2378322                    /usr/lib/jvm/java-11-openjdk-arm64/lib/libnio.so
ffff88042000-ffff88043000 r--p 00010000 fe:01 2378322                    /usr/lib/jvm/java-11-openjdk-arm64/lib/libnio.so
ffff88043000-ffff88044000 rw-p 00011000 fe:01 2378322                    /usr/lib/jvm/java-11-openjdk-arm64/lib/libnio.so
ffff88044000-ffff882b0000 rw-p 00000000 00:00 0 
ffff882b0000-ffff882b1000 ---p 00000000 00:00 0 
ffff882b1000-ffff884b2000 rw-p 00000000 00:00 0 
ffff884b2000-ffff884b3000 ---p 00000000 00:00 0 
ffff884b3000-ffff88745000 rw-p 00000000 00:00 0 
ffff88745000-ffff88e8d000 ---p 00000000 00:00 0 
ffff88e8d000-ffff88e9d000 rw-p 00000000 00:00 0 
ffff88e9d000-ffff88f86000 ---p 00000000 00:00 0 
ffff88f86000-ffff88f96000 rw-p 00000000 00:00 0 
ffff88f96000-ffff8907f000 ---p 00000000 00:00 0 
ffff8907f000-ffff8908f000 rw-p 00000000 00:00 0 
ffff8908f000-ffff89178000 ---p 00000000 00:00 0 
ffff89178000-ffff8957c000 rw-p 00000000 00:00 0 
ffff8957c000-ffff8957d000 ---p 00000000 00:00 0 
ffff8957d000-ffff89783000 rw-p 00000000 00:00 0 
ffff89783000-ffff89869000 ---p 00000000 00:00 0 
ffff89869000-ffff8986e000 rw-p 00000000 00:00 0 
ffff8986e000-ffff89954000 ---p 00000000 00:00 0 
ffff89954000-ffff89959000 rw-p 00000000 00:00 0 
ffff89959000-ffff89960000 ---p 00000000 00:00 0 
ffff89960000-ffff89967000 r-xp 00000000 fe:01 2378330                    /usr/lib/jvm/java-11-openjdk-arm64/lib/libzip.so
ffff89967000-ffff89976000 ---p 00007000 fe:01 2378330                    /usr/lib/jvm/java-11-openjdk-arm64/lib/libzip.so
ffff89976000-ffff89977000 r--p 00006000 fe:01 2378330                    /usr/lib/jvm/java-11-openjdk-arm64/lib/libzip.so
ffff89977000-ffff89978000 rw-p 00007000 fe:01 2378330                    /usr/lib/jvm/java-11-openjdk-arm64/lib/libzip.so
ffff89978000-ffff89983000 r-xp 00000000 fe:01 2491329                    /usr/lib/aarch64-linux-gnu/libnss_files-2.31.so
ffff89983000-ffff89993000 ---p 0000b000 fe:01 2491329                    /usr/lib/aarch64-linux-gnu/libnss_files-2.31.so
ffff89993000-ffff89994000 r--p 0000b000 fe:01 2491329                    /usr/lib/aarch64-linux-gnu/libnss_files-2.31.so
ffff89994000-ffff89995000 rw-p 0000c000 fe:01 2491329                    /usr/lib/aarch64-linux-gnu/libnss_files-2.31.so
ffff89995000-ffff8999b000 rw-p 00000000 00:00 0 
ffff8999b000-ffff899a3000 rw-s 00000000 fe:01 1577382                    /tmp/hsperfdata_root/42047
ffff899a3000-ffff899a8000 r-xp 00000000 fe:01 2378313                    /usr/lib/jvm/java-11-openjdk-arm64/lib/libjimage.so
ffff899a8000-ffff899b7000 ---p 00005000 fe:01 2378313                    /usr/lib/jvm/java-11-openjdk-arm64/lib/libjimage.so
ffff899b7000-ffff899b8000 r--p 00004000 fe:01 2378313                    /usr/lib/jvm/java-11-openjdk-arm64/lib/libjimage.so
ffff899b8000-ffff899b9000 rw-p 00005000 fe:01 2378313                    /usr/lib/jvm/java-11-openjdk-arm64/lib/libjimage.so
ffff899b9000-ffff899e2000 r-xp 00000000 fe:01 2378310                    /usr/lib/jvm/java-11-openjdk-arm64/lib/libjava.so
ffff899e2000-ffff899f2000 ---p 00029000 fe:01 2378310                    /usr/lib/jvm/java-11-openjdk-arm64/lib/libjava.so
ffff899f2000-ffff899f3000 r--p 00029000 fe:01 2378310                    /usr/lib/jvm/java-11-openjdk-arm64/lib/libjava.so
ffff899f3000-ffff899f4000 rw-p 0002a000 fe:01 2378310                    /usr/lib/jvm/java-11-openjdk-arm64/lib/libjava.so
ffff899f4000-ffff899f5000 rw-p 00000000 00:00 0 
ffff899f5000-ffff89a01000 r-xp 00000000 fe:01 2378329                    /usr/lib/jvm/java-11-openjdk-arm64/lib/libverify.so
ffff89a01000-ffff89a10000 ---p 0000c000 fe:01 2378329                    /usr/lib/jvm/java-11-openjdk-arm64/lib/libverify.so
ffff89a10000-ffff89a12000 r--p 0000b000 fe:01 2378329                    /usr/lib/jvm/java-11-openjdk-arm64/lib/libverify.so
ffff89a12000-ffff89a13000 rw-p 0000d000 fe:01 2378329                    /usr/lib/jvm/java-11-openjdk-arm64/lib/libverify.so
ffff89a13000-ffff89a1a000 r-xp 00000000 fe:01 2491362                    /usr/lib/aarch64-linux-gnu/librt-2.31.so
ffff89a1a000-ffff89a29000 ---p 00007000 fe:01 2491362                    /usr/lib/aarch64-linux-gnu/librt-2.31.so
ffff89a29000-ffff89a2a000 r--p 00006000 fe:01 2491362                    /usr/lib/aarch64-linux-gnu/librt-2.31.so
ffff89a2a000-ffff89a2b000 rw-p 00007000 fe:01 2491362                    /usr/lib/aarch64-linux-gnu/librt-2.31.so
ffff89a2b000-ffff89a2f000 ---p 00000000 00:00 0 
ffff89a2f000-ffff89c2b000 rw-p 00000000 00:00 0 
ffff89c2b000-ffff89c3e000 r-xp 00000000 fe:01 2491291                    /usr/lib/aarch64-linux-gnu/libgcc_s.so.1
ffff89c3e000-ffff89c4d000 ---p 00013000 fe:01 2491291                    /usr/lib/aarch64-linux-gnu/libgcc_s.so.1
ffff89c4d000-ffff89c4e000 r--p 00012000 fe:01 2491291                    /usr/lib/aarch64-linux-gnu/libgcc_s.so.1
ffff89c4e000-ffff89c4f000 rw-p 00013000 fe:01 2491291                    /usr/lib/aarch64-linux-gnu/libgcc_s.so.1
ffff89c4f000-ffff89cea000 r-xp 00000000 fe:01 2491308                    /usr/lib/aarch64-linux-gnu/libm-2.31.so
ffff89cea000-ffff89cfa000 ---p 0009b000 fe:01 2491308                    /usr/lib/aarch64-linux-gnu/libm-2.31.so
ffff89cfa000-ffff89cfb000 r--p 0009b000 fe:01 2491308                    /usr/lib/aarch64-linux-gnu/libm-2.31.so
ffff89cfb000-ffff89cfc000 rw-p 0009c000 fe:01 2491308                    /usr/lib/aarch64-linux-gnu/libm-2.31.so
ffff89cfc000-ffff89ec1000 r-xp 00000000 fe:01 2491374                    /usr/lib/aarch64-linux-gnu/libstdc++.so.6.0.28
ffff89ec1000-ffff89ed0000 ---p 001c5000 fe:01 2491374                    /usr/lib/aarch64-linux-gnu/libstdc++.so.6.0.28
ffff89ed0000-ffff89edb000 r--p 001c4000 fe:01 2491374                    /usr/lib/aarch64-linux-gnu/libstdc++.so.6.0.28
ffff89edb000-ffff89ede000 rw-p 001cf000 fe:01 2491374                    /usr/lib/aarch64-linux-gnu/libstdc++.so.6.0.28
ffff89ede000-ffff89ee1000 rw-p 00000000 00:00 0 
ffff89ee1000-ffff8adc2000 r-xp 00000000 fe:01 2378336                    /usr/lib/jvm/java-11-openjdk-arm64/lib/server/libjvm.so
ffff8adc2000-ffff8add2000 ---p 00ee1000 fe:01 2378336                    /usr/lib/jvm/java-11-openjdk-arm64/lib/server/libjvm.so
ffff8add2000-ffff8ae6b000 r--p 00ee1000 fe:01 2378336                    /usr/lib/jvm/java-11-openjdk-arm64/lib/server/libjvm.so
ffff8ae6b000-ffff8ae9f000 rw-p 00f7a000 fe:01 2378336                    /usr/lib/jvm/java-11-openjdk-arm64/lib/server/libjvm.so
ffff8ae9f000-ffff8af12000 rw-p 00000000 00:00 0 
ffff8af12000-ffff8af2c000 r-xp 00000000 fe:01 2491358                    /usr/lib/aarch64-linux-gnu/libpthread-2.31.so
ffff8af2c000-ffff8af3c000 ---p 0001a000 fe:01 2491358                    /usr/lib/aarch64-linux-gnu/libpthread-2.31.so
ffff8af3c000-ffff8af3d000 r--p 0001a000 fe:01 2491358                    /usr/lib/aarch64-linux-gnu/libpthread-2.31.so
ffff8af3d000-ffff8af3e000 rw-p 0001b000 fe:01 2491358                    /usr/lib/aarch64-linux-gnu/libpthread-2.31.so
ffff8af3e000-ffff8af42000 rw-p 00000000 00:00 0 
ffff8af42000-ffff8af45000 r-xp 00000000 fe:01 2491277                    /usr/lib/aarch64-linux-gnu/libdl-2.31.so
ffff8af45000-ffff8af54000 ---p 00003000 fe:01 2491277                    /usr/lib/aarch64-linux-gnu/libdl-2.31.so
ffff8af54000-ffff8af55000 r--p 00002000 fe:01 2491277                    /usr/lib/aarch64-linux-gnu/libdl-2.31.so
ffff8af55000-ffff8af56000 rw-p 00003000 fe:01 2491277                    /usr/lib/aarch64-linux-gnu/libdl-2.31.so
ffff8af56000-ffff8af6f000 r-xp 00000000 fe:01 2491394                    /usr/lib/aarch64-linux-gnu/libz.so.1.2.11
ffff8af6f000-ffff8af7e000 ---p 00019000 fe:01 2491394                    /usr/lib/aarch64-linux-gnu/libz.so.1.2.11
ffff8af7e000-ffff8af7f000 r--p 00018000 fe:01 2491394                    /usr/lib/aarch64-linux-gnu/libz.so.1.2.11
ffff8af7f000-ffff8af80000 rw-p 00019000 fe:01 2491394                    /usr/lib/aarch64-linux-gnu/libz.so.1.2.11
ffff8af80000-ffff8b0da000 r-xp 00000000 fe:01 2491266                    /usr/lib/aarch64-linux-gnu/libc-2.31.so
ffff8b0da000-ffff8b0ea000 ---p 0015a000 fe:01 2491266                    /usr/lib/aarch64-linux-gnu/libc-2.31.so
ffff8b0ea000-ffff8b0ed000 r--p 0015a000 fe:01 2491266                    /usr/lib/aarch64-linux-gnu/libc-2.31.so
ffff8b0ed000-ffff8b0f0000 rw-p 0015d000 fe:01 2491266                    /usr/lib/aarch64-linux-gnu/libc-2.31.so
ffff8b0f0000-ffff8b0f3000 rw-p 00000000 00:00 0 
ffff8b0f3000-ffff8b102000 r-xp 00000000 fe:01 2378295                    /usr/lib/jvm/java-11-openjdk-arm64/lib/jli/libjli.so
ffff8b102000-ffff8b111000 ---p 0000f000 fe:01 2378295                    /usr/lib/jvm/java-11-openjdk-arm64/lib/jli/libjli.so
ffff8b111000-ffff8b112000 r--p 0000e000 fe:01 2378295                    /usr/lib/jvm/java-11-openjdk-arm64/lib/jli/libjli.so
ffff8b112000-ffff8b113000 rw-p 0000f000 fe:01 2378295                    /usr/lib/jvm/java-11-openjdk-arm64/lib/jli/libjli.so
ffff8b113000-ffff8b134000 r-xp 00000000 fe:01 2491244                    /usr/lib/aarch64-linux-gnu/ld-2.31.so
ffff8b135000-ffff8b137000 rw-p 00000000 00:00 0 
ffff8b13d000-ffff8b13e000 ---p 00000000 00:00 0 
ffff8b13e000-ffff8b13f000 r--p 00000000 00:00 0 
ffff8b13f000-ffff8b141000 rw-p 00000000 00:00 0 
ffff8b141000-ffff8b143000 r--p 00000000 00:00 0                          [vvar]
ffff8b143000-ffff8b144000 r-xp 00000000 00:00 0                          [vdso]
ffff8b144000-ffff8b145000 r--p 00021000 fe:01 2491244                    /usr/lib/aarch64-linux-gnu/ld-2.31.so
ffff8b145000-ffff8b147000 rw-p 00022000 fe:01 2491244                    /usr/lib/aarch64-linux-gnu/ld-2.31.so
ffffe8c10000-ffffe8c31000 rw-p 00000000 00:00 0                          [stack]


VM Arguments:
java_command: com.gitlab.pdftk_java.pdftk /tmp/pdf36YBpD/all.pdf dump_data
java_class_path (initial): /usr/share/java/bcprov.jar:/usr/share/java/commons-lang3.jar:/usr/share/pdftk/pdftk.jar
Launcher Type: SUN_STANDARD

[Global flags]
     intx CICompilerCount                          = 3                                         {product} {ergonomic}
     uint ConcGCThreads                            = 1                                         {product} {ergonomic}
     uint G1ConcRefinementThreads                  = 4                                         {product} {ergonomic}
   size_t G1HeapRegionSize                         = 1048576                                   {product} {ergonomic}
    uintx GCDrainStackTargetSize                   = 64                                        {product} {ergonomic}
   size_t InitialHeapSize                          = 33554432                                  {product} {ergonomic}
   size_t MarkStackSize                            = 4194304                                   {product} {ergonomic}
   size_t MaxHeapSize                              = 522190848                                 {product} {ergonomic}
   size_t MaxNewSize                               = 312475648                                 {product} {ergonomic}
   size_t MinHeapDeltaBytes                        = 1048576                                   {product} {ergonomic}
    uintx NonNMethodCodeHeapSize                   = 5830860                                {pd product} {ergonomic}
    uintx NonProfiledCodeHeapSize                  = 122913690                              {pd product} {ergonomic}
    uintx ProfiledCodeHeapSize                     = 122913690                              {pd product} {ergonomic}
    uintx ReservedCodeCacheSize                    = 251658240                              {pd product} {ergonomic}
     bool SegmentedCodeCache                       = true                                      {product} {ergonomic}
     bool UseCompressedClassPointers               = true                                 {lp64_product} {ergonomic}
     bool UseCompressedOops                        = true                                 {lp64_product} {ergonomic}
     bool UseG1GC                                  = true                                      {product} {ergonomic}

Logging:
Log output configuration:
 #0: stdout all=warning uptime,level,tags
 #1: stderr all=off uptime,level,tags

Environment Variables:
PATH=/fetcher/node_modules/.bin:/node_modules/.bin:/usr/lib/node_modules/npm/node_modules/@npmcli/run-script/lib/node-gyp-bin:/usr/local/sbin:/usr/local/bin:/usr/sbin:/usr/bin:/sbin:/bin

Signal Handlers:
SIGSEGV: [libjvm.so+0xc60e48], sa_mask[0]=11111111011111111101111111111110, sa_flags=SA_RESTART|SA_SIGINFO
SIGBUS: [libjvm.so+0xc60e48], sa_mask[0]=11111111011111111101111111111110, sa_flags=SA_RESTART|SA_SIGINFO
SIGFPE: [libjvm.so+0xc60e48], sa_mask[0]=11111111011111111101111111111110, sa_flags=SA_RESTART|SA_SIGINFO
SIGPIPE: [libjvm.so+0x9cca88], sa_mask[0]=11111111011111111101111111111110, sa_flags=SA_RESTART|SA_SIGINFO
SIGXFSZ: [libjvm.so+0x9cca88], sa_mask[0]=11111111011111111101111111111110, sa_flags=SA_RESTART|SA_SIGINFO
SIGILL: [libjvm.so+0xc60e48], sa_mask[0]=11111111011111111101111111111110, sa_flags=SA_RESTART|SA_SIGINFO
SIGUSR2: [libjvm.so+0x9cc940], sa_mask[0]=00000000000000000000000000000000, sa_flags=SA_RESTART|SA_SIGINFO
SIGHUP: [libjvm.so+0x9ccdc8], sa_mask[0]=11111111011111111101111111111110, sa_flags=SA_RESTART|SA_SIGINFO
SIGINT: [libjvm.so+0x9ccdc8], sa_mask[0]=11111111011111111101111111111110, sa_flags=SA_RESTART|SA_SIGINFO
SIGTERM: [libjvm.so+0x9ccdc8], sa_mask[0]=11111111011111111101111111111110, sa_flags=SA_RESTART|SA_SIGINFO
SIGQUIT: [libjvm.so+0x9ccdc8], sa_mask[0]=11111111011111111101111111111110, sa_flags=SA_RESTART|SA_SIGINFO


---------------  S Y S T E M  ---------------

OS:DISTRIB_ID=Ubuntu
DISTRIB_RELEASE=20.04
DISTRIB_CODENAME=focal
DISTRIB_DESCRIPTION="Ubuntu 20.04.3 LTS"
uname:Linux 5.10.76-linuxkit #1 SMP PREEMPT Mon Nov 8 11:22:26 UTC 2021 aarch64
OS uptime: 0 days 19:21 hours
libc:glibc 2.31 NPTL 2.31 
rlimit (soft/hard): STACK 8192k/infinity , CORE 0k/infinity , NPROC infinity/infinity , NOFILE 1048576/1048576 , AS infinity/infinity , CPU infinity/infinity , DATA infinity/infinity , FSIZE infinity/infinity , MEMLOCK 64k/64k
load average:1.67 1.66 1.14

/proc/meminfo:
MemTotal:        2036420 kB
MemFree:          560860 kB
MemAvailable:    1068460 kB
Buffers:          103576 kB
Cached:           642256 kB
SwapCached:         2328 kB
Active:           397696 kB
Inactive:         897752 kB
Active(anon):     107708 kB
Inactive(anon):   663172 kB
Active(file):     289988 kB
Inactive(file):   234580 kB
Unevictable:           0 kB
Mlocked:               0 kB
SwapTotal:       1048572 kB
SwapFree:         922768 kB
Dirty:              1352 kB
Writeback:             0 kB
AnonPages:        545520 kB
Mapped:           242752 kB
Shmem:            224820 kB
KReclaimable:      73144 kB
Slab:             125648 kB
SReclaimable:      73144 kB
SUnreclaim:        52504 kB
KernelStack:       10128 kB
PageTables:        13048 kB
NFS_Unstable:          0 kB
Bounce:                0 kB
WritebackTmp:          0 kB
CommitLimit:     2066780 kB
Committed_AS:    4499380 kB
VmallocTotal:   135290159040 kB
VmallocUsed:       12520 kB
VmallocChunk:          0 kB
Percpu:             2224 kB
AnonHugePages:     10240 kB
ShmemHugePages:        0 kB
ShmemPmdMapped:        0 kB
FileHugePages:         0 kB
FilePmdMapped:         0 kB
HugePages_Total:       0
HugePages_Free:        0
HugePages_Rsvd:        0
HugePages_Surp:        0
Hugepagesize:       2048 kB
Hugetlb:               0 kB

/sys/kernel/mm/transparent_hugepage/enabled:
always [madvise] never
/sys/kernel/mm/transparent_hugepage/defrag (defrag/compaction efforts parameter):
always defer defer+madvise [madvise] never

Process Memory:
Virtual Size: 3119172K (peak: 3184180K)
Resident Set Size: 40712K (peak: 40984K) (anon: 24728K, file: 15984K, shmem: 0K)
Swapped out: 0K
C-Heap outstanding allocations: 6914K

/proc/sys/kernel/threads-max (system-wide limit on the number of threads):
15004
/proc/sys/vm/max_map_count (maximum number of memory map areas a process may have):
262144
/proc/sys/kernel/pid_max (system-wide limit on number of process identifiers):
99999

Steal ticks since vm start: 0
Steal ticks percentage since vm start:  0.000

CPU:total 4 (initial active 4) 0x00:0x0:0x000:0, simd, crc, aes, sha1, sha256, lse

/proc/cpuinfo:
processor	: 0
BogoMIPS	: 48.00
Features	: fp asimd evtstrm aes pmull sha1 sha2 crc32 atomics fphp asimdhp cpuid asimdrdm jscvt fcma lrcpc dcpop sha3 asimddp sha512 asimdfhm dit uscat ilrcpc flagm sb paca pacg dcpodp flagm2 frint
CPU implementer	: 0x00
CPU architecture: 8
CPU variant	: 0x0
CPU part	: 0x000
CPU revision	: 0

processor	: 1
BogoMIPS	: 48.00
Features	: fp asimd evtstrm aes pmull sha1 sha2 crc32 atomics fphp asimdhp cpuid asimdrdm jscvt fcma lrcpc dcpop sha3 asimddp sha512 asimdfhm dit uscat ilrcpc flagm sb paca pacg dcpodp flagm2 frint
CPU implementer	: 0x00
CPU architecture: 8
CPU variant	: 0x0
CPU part	: 0x000
CPU revision	: 0

processor	: 2
BogoMIPS	: 48.00
Features	: fp asimd evtstrm aes pmull sha1 sha2 crc32 atomics fphp asimdhp cpuid asimdrdm jscvt fcma lrcpc dcpop sha3 asimddp sha512 asimdfhm dit uscat ilrcpc flagm sb paca pacg dcpodp flagm2 frint
CPU implementer	: 0x00
CPU architecture: 8
CPU variant	: 0x0
CPU part	: 0x000
CPU revision	: 0

processor	: 3
BogoMIPS	: 48.00
Features	: fp asimd evtstrm aes pmull sha1 sha2 crc32 atomics fphp asimdhp cpuid asimdrdm jscvt fcma lrcpc dcpop sha3 asimddp sha512 asimdfhm dit uscat ilrcpc flagm sb paca pacg dcpodp flagm2 frint
CPU implementer	: 0x00
CPU architecture: 8
CPU variant	: 0x0
CPU part	: 0x000
CPU revision	: 0

Online cpus:
0-3
Offline cpus:


Memory: 4k page, physical 2036420k(559548k free), swap 1048572k(922768k free)

vm_info: OpenJDK 64-Bit Server VM (11.0.11+9-Ubuntu-0ubuntu2.20.04) for linux-aarch64 JRE (11.0.11+9-Ubuntu-0ubuntu2.20.04), built on Apr 21 2021 09:15:32 by "unknown" with gcc 9.3.0

END.
